<?xml version="1.0" encoding="UTF-8"?>
<!-- Generated by org.testng.reporters.JUnitReportReporter -->
<testsuite hostname="INLEN8520073998" failures="0" tests="1" name="testrunner.HomePageScenarioOutline_TestRunner" time="21.477" errors="0" timestamp="2023-06-07T12:01:58 IST" skipped="0">
  <testcase classname="testrunner.HomePageScenarioOutline_TestRunner" name="runScenario" time="21.477"/>
  <system-out/>
</testsuite> <!-- testrunner.HomePageScenarioOutline_TestRunner -->
