<?xml version="1.0" encoding="UTF-8"?>
<!-- Generated by org.testng.reporters.JUnitReportReporter -->
<testsuite hostname="INLEN8520073998" failures="0" tests="1" name="testrunner.Excel_testrunner" time="28.945" errors="0" timestamp="2023-06-08T17:35:04 IST" skipped="0">
  <testcase classname="testrunner.Excel_testrunner" name="runScenario" time="28.945"/>
  <system-out/>
</testsuite> <!-- testrunner.Excel_testrunner -->
