<?xml version="1.0" encoding="UTF-8"?>
<!-- Generated by org.testng.reporters.JUnitReportReporter -->
<testsuite hostname="INLEN8520073998" failures="0" tests="1" name="testrunner.Ex_01_TestRunner" time="6.956" errors="0" timestamp="2023-06-01T19:26:37 IST" skipped="0">
  <testcase classname="testrunner.Ex_01_TestRunner" name="runScenario" time="6.956"/>
  <system-out/>
</testsuite> <!-- testrunner.Ex_01_TestRunner -->
