<?xml version="1.0" encoding="UTF-8"?>
<!-- Generated by org.testng.reporters.JUnitReportReporter -->
<testsuite hostname="INLEN8520073998" failures="0" tests="1" name="testrunner.HomePage_Scenario" time="12.161" errors="0" timestamp="2023-06-07T12:55:52 IST" skipped="0">
  <testcase classname="testrunner.HomePage_Scenario" name="runScenario" time="12.161"/>
  <system-out/>
</testsuite> <!-- testrunner.HomePage_Scenario -->
