<?xml version="1.0" encoding="UTF-8"?>
<!-- Generated by org.testng.reporters.JUnitReportReporter -->
<testsuite hostname="INLEN8520073998" failures="0" tests="1" name="testrunner.Filter_scenario" time="15.082" errors="0" timestamp="2023-06-08T17:35:04 IST" skipped="0">
  <testcase classname="testrunner.Filter_scenario" name="runScenario" time="15.082"/>
  <system-out/>
</testsuite> <!-- testrunner.Filter_scenario -->
