<?xml version="1.0" encoding="UTF-8"?>
<!-- Generated by org.testng.reporters.JUnitReportReporter -->
<testsuite hostname="INLEN8520073998" failures="0" tests="1" name="testrunner.Filter_scenario" time="16.543" errors="0" timestamp="2023-06-08T12:59:50 IST" skipped="0">
  <testcase classname="testrunner.Filter_scenario" name="runScenario" time="16.543"/>
  <system-out/>
</testsuite> <!-- testrunner.Filter_scenario -->
