<?xml version="1.0" encoding="UTF-8"?>
<!-- Generated by org.testng.reporters.JUnitReportReporter -->
<testsuite hostname="INLEN8520073998" failures="0" tests="5" name="testrunner.HomePage_TestRunner" time="70.484" errors="0" timestamp="2023-06-08T12:59:08 IST" skipped="0">
  <testcase classname="testrunner.HomePage_TestRunner" name="runScenario" time="10.830"/>
  <system-out/>
  <testcase classname="testrunner.HomePage_TestRunner" name="runScenario" time="21.163"/>
  <system-out/>
  <testcase classname="testrunner.HomePage_TestRunner" name="runScenario" time="15.190"/>
  <system-out/>
  <testcase classname="testrunner.HomePage_TestRunner" name="runScenario" time="10.874"/>
  <system-out/>
  <testcase classname="testrunner.HomePage_TestRunner" name="runScenario" time="12.427"/>
  <system-out/>
</testsuite> <!-- testrunner.HomePage_TestRunner -->
