<?xml version="1.0" encoding="UTF-8"?>
<!-- Generated by org.testng.reporters.JUnitReportReporter -->
<testsuite hostname="INLEN8520073998" failures="0" tests="2" name="testrunner.HomePage_Updated_Scenario" time="31.429" errors="0" timestamp="2023-06-08T11:17:50 IST" skipped="0">
  <testcase classname="testrunner.HomePage_Updated_Scenario" name="runScenario" time="14.206"/>
  <system-out/>
  <testcase classname="testrunner.HomePage_Updated_Scenario" name="runScenario" time="17.223"/>
  <system-out/>
</testsuite> <!-- testrunner.HomePage_Updated_Scenario -->
